<?xml version="1.0" encoding="UTF-8"?>
<!-- Generated by org.testng.reporters.JUnitXMLReporter -->
<testsuite ignored="0" hostname="DESKTOP-QVGKUSK" failures="0" tests="1" name="Test" time="16.499" errors="0" timestamp="2022-11-16T10:55:28 GMT-05:00">
  <testcase classname="pom_withpage_factory_usingTestng.test1" name="@BeforeMethod openApp" time="0.017">
    <failure type="java.lang.NullPointerException" message="Cannot invoke &amp;quot;pom_withpage_factory_usingTestng.Login_page.EnterUn(String)&amp;quot; because &amp;quot;this.lp&amp;quot; is null">
      <![CDATA[java.lang.NullPointerException: Cannot invoke "pom_withpage_factory_usingTestng.Login_page.EnterUn(String)" because "this.lp" is null
at pom_withpage_factory_usingTestng.test1.openApp(test1.java:50)
at java.base/java.util.ArrayList.forEach(ArrayList.java:1511)
... Removed 31 stack frames]]>
    </failure>
  </testcase> <!-- @BeforeMethod openApp -->
  <testcase classname="pom_withpage_factory_usingTestng.test1" name="@AfterMethod closeApp" time="-1.668614128718E9">
    <skipped/>
  </testcase> <!-- @AfterMethod closeApp -->
  <testcase classname="pom_withpage_factory_usingTestng.test1" name="@AfterClass closebrowser" time="-1.668614128735E9">
    <skipped/>
  </testcase> <!-- @AfterClass closebrowser -->
  <testcase classname="pom_withpage_factory_usingTestng.test1" name="verifytext" time="0.0">
    <skipped/>
  </testcase> <!-- verifytext -->
</testsuite> <!-- Test -->
