<?xml version="1.0" encoding="UTF-8"?>
<testng-results ignored="0" total="1" passed="1" failed="0" skipped="0">
  <reporter-output>
    <line>
      <![CDATA[runing verifytext]]>
    </line>
    <line>
      <![CDATA[logout from app]]>
    </line>
    <line>
      <![CDATA[close the browser]]>
    </line>
  </reporter-output>
  <suite started-at="2022-11-16T10:58:51 GMT-05:00" name="Default suite" finished-at="2022-11-16T10:59:29 GMT-05:00" duration-ms="37366">
    <groups>
    </groups>
    <test started-at="2022-11-16T10:58:51 GMT-05:00" name="Default test" finished-at="2022-11-16T10:59:29 GMT-05:00" duration-ms="37366">
      <class name="pom_withpage_factory_usingTestng.test1">
        <test-method is-config="true" signature="openBroswer()[pri:0, instance:pom_withpage_factory_usingTestng.test1@273e7444]" started-at="2022-11-16T10:58:51 GMT-05:00" name="openBroswer" finished-at="2022-11-16T10:59:19 GMT-05:00" duration-ms="28033" status="PASS">
          <reporter-output>
          </reporter-output>
        </test-method> <!-- openBroswer -->
        <test-method is-config="true" signature="openApp()[pri:0, instance:pom_withpage_factory_usingTestng.test1@273e7444]" started-at="2022-11-16T10:59:19 GMT-05:00" name="openApp" finished-at="2022-11-16T10:59:20 GMT-05:00" duration-ms="629" status="PASS">
          <reporter-output>
          </reporter-output>
        </test-method> <!-- openApp -->
        <test-method signature="verifytext()[pri:0, instance:pom_withpage_factory_usingTestng.test1@273e7444]" started-at="2022-11-16T10:59:20 GMT-05:00" name="verifytext" finished-at="2022-11-16T10:59:29 GMT-05:00" duration-ms="8648" status="PASS">
          <reporter-output>
            <line>
              <![CDATA[runing verifytext]]>
            </line>
          </reporter-output>
        </test-method> <!-- verifytext -->
        <test-method is-config="true" signature="closeApp()[pri:0, instance:pom_withpage_factory_usingTestng.test1@273e7444]" started-at="2022-11-16T10:59:29 GMT-05:00" name="closeApp" finished-at="2022-11-16T10:59:29 GMT-05:00" duration-ms="1" status="PASS">
          <reporter-output>
            <line>
              <![CDATA[logout from app]]>
            </line>
          </reporter-output>
        </test-method> <!-- closeApp -->
        <test-method is-config="true" signature="closebrowser()[pri:0, instance:pom_withpage_factory_usingTestng.test1@273e7444]" started-at="2022-11-16T10:59:29 GMT-05:00" name="closebrowser" finished-at="2022-11-16T10:59:29 GMT-05:00" duration-ms="1" status="PASS">
          <reporter-output>
            <line>
              <![CDATA[close the browser]]>
            </line>
          </reporter-output>
        </test-method> <!-- closebrowser -->
      </class> <!-- pom_withpage_factory_usingTestng.test1 -->
    </test> <!-- Default test -->
  </suite> <!-- Default suite -->
</testng-results>
